Vivado Simulator 2020.1
Time resolution is 1 ps
         1 - A(REG[ x]) -  xxxxxxxx, B(REG[ x]) -  xxxxxxxx

         2 - A(REG[ 0]) -  00000000, B(REG[ 1]) -  00000000

         2 - REG[ 1] <- 0000fff0
         3 - A(REG[ 0]) -  00000000, B(REG[ 2]) -  00000000

         3 - REG[ 2] <- 0000fff4
         4 - A(REG[ 0]) -  00000000, B(REG[ 3]) -  00000000

         4 - REG[ 3] <- 0000fff8
         5 - A(REG[ 0]) -  00000000, B(REG[ 4]) -  00000000

         5 - REG[ 4] <- 0000fffc
         6 - A(REG[ 0]) -  00000000, B(REG[ 5]) -  00000000

         6 - REG[ 5] <- 0000ffe0
         7 - A(REG[ 0]) -  00000000, B(REG[ 6]) -  00000000

         7 - REG[ 6] <- 0000ffe4
         8 - A(REG[ 0]) -  00000000, B(REG[ 7]) -  00000000

         8 - REG[ 7] <- 0000ffe8
         9 - A(REG[ 0]) -  00000000, B(REG[10]) -  00000000

         9 - REG[10] <- 00000000
        10 - A(REG[ 0]) -  00000000, B(REG[11]) -  00000000

        10 - REG[11] <- 00000001
        11 - A(REG[ 0]) -  00000000, B(REG[12]) -  00000000

        11 - REG[12] <- 00000002
        12 - A(REG[ 0]) -  00000000, B(REG[13]) -  00000000

        12 - REG[13] <- 00000003
        13 - A(REG[ 0]) -  00000000, B(REG[14]) -  00000000

        13 - REG[14] <- 00000004
        14 - A(REG[ 0]) -  00000000, B(REG[15]) -  00000000

        14 - REG[15] <- 00000005
        15 - A(REG[ 0]) -  00000000, B(REG[16]) -  00000000

        15 - REG[16] <- 00000006
        16 - A(REG[ 0]) -  00000000, B(REG[17]) -  00000000

        16 - REG[17] <- 00000007
        17 - A(REG[ 5]) -  0000ffe0, B(REG[ 8]) -  00000000

        17 - REG[ 8] <- 00000000
        18 - A(REG[ 1]) -  0000fff0, B(REG[ 8]) -  00000000

       175 - MEM[fff0] <- 0
        19 - A(REG[ 6]) -  0000ffe4, B(REG[ 9]) -  00000000

        19 - REG[ 9] <- 00000001
        20 - A(REG[ 2]) -  0000fff4, B(REG[ 9]) -  00000001

       195 - MEM[fff4] <- 1
        21 - A(REG[ 7]) -  0000ffe8, B(REG[18]) -  00000000

        21 - REG[18] <- 00000001
        22 - A(REG[ 8]) -  00000000, B(REG[ 9]) -  00000001

        22 - REG[19] <- 00000001
        23 - A(REG[10]) -  00000000, B(REG[18]) -  00000001

        24 - A(REG[ 8]) -  00000000, B(REG[ 9]) -  00000001

        24 - REG[19] <- ffffffff
        25 - A(REG[11]) -  00000001, B(REG[18]) -  00000001

        26 - A(REG[ 3]) -  0000fff8, B(REG[19]) -  ffffffff

       255 - MEM[fff8] <- f
        27 - A(REG[ 0]) -  00000000, B(REG[21]) -  00000000

        27 - REG[21] <- 000000f0
        28 - A(REG[19]) -  ffffffff, B(REG[21]) -  000000f0

        28 - REG[19] <- 000000f0
        29 - A(REG[19]) -  000000f0, B(REG[ 0]) -  00000000

        30 - A(REG[19]) -  000000f0, B(REG[14]) -  00000004

        30 - REG[19] <- 000000ec
        31 - A(REG[ 0]) -  00000000, B(REG[ 0]) -  00000000

        32 - A(REG[20]) -  00000000, B(REG[11]) -  00000001

        32 - REG[20] <- 00000001
        33 - A(REG[ 0]) -  00000000, B(REG[ 0]) -  00000000

        34 - A(REG[19]) -  000000ec, B(REG[ 0]) -  00000000

        35 - A(REG[19]) -  000000ec, B(REG[14]) -  00000004

        35 - REG[19] <- 000000e8
        36 - A(REG[ 0]) -  00000000, B(REG[ 0]) -  00000000

        37 - A(REG[20]) -  00000001, B(REG[11]) -  00000001

        37 - REG[20] <- 00000002
        38 - A(REG[ 0]) -  00000000, B(REG[ 0]) -  00000000

        39 - A(REG[19]) -  000000e8, B(REG[ 0]) -  00000000

        40 - A(REG[19]) -  000000e8, B(REG[14]) -  00000004

        40 - REG[19] <- 000000e4
        41 - A(REG[ 0]) -  00000000, B(REG[ 0]) -  00000000

        42 - A(REG[20]) -  00000002, B(REG[11]) -  00000001

        42 - REG[20] <- 00000003
        43 - A(REG[ 0]) -  00000000, B(REG[ 0]) -  00000000

        44 - A(REG[19]) -  000000e4, B(REG[ 0]) -  00000000

        45 - A(REG[19]) -  000000e4, B(REG[14]) -  00000004

        45 - REG[19] <- 000000e0
        46 - A(REG[ 0]) -  00000000, B(REG[ 0]) -  00000000

        47 - A(REG[20]) -  00000003, B(REG[11]) -  00000001

        47 - REG[20] <- 00000004
        48 - A(REG[ 0]) -  00000000, B(REG[ 0]) -  00000000

        49 - A(REG[19]) -  000000e0, B(REG[ 0]) -  00000000

        50 - A(REG[19]) -  000000e0, B(REG[14]) -  00000004

        50 - REG[19] <- 000000dc
        51 - A(REG[ 0]) -  00000000, B(REG[ 0]) -  00000000

        52 - A(REG[20]) -  00000004, B(REG[11]) -  00000001

        52 - REG[20] <- 00000005
        53 - A(REG[ 0]) -  00000000, B(REG[ 0]) -  00000000

        54 - A(REG[19]) -  000000dc, B(REG[ 0]) -  00000000

        55 - A(REG[19]) -  000000dc, B(REG[14]) -  00000004

        55 - REG[19] <- 000000d8
        56 - A(REG[ 0]) -  00000000, B(REG[ 0]) -  00000000

        57 - A(REG[20]) -  00000005, B(REG[11]) -  00000001

        57 - REG[20] <- 00000006
        58 - A(REG[ 0]) -  00000000, B(REG[ 0]) -  00000000

        59 - A(REG[19]) -  000000d8, B(REG[ 0]) -  00000000

        60 - A(REG[19]) -  000000d8, B(REG[14]) -  00000004

        60 - REG[19] <- 000000d4
        61 - A(REG[ 0]) -  00000000, B(REG[ 0]) -  00000000

        62 - A(REG[20]) -  00000006, B(REG[11]) -  00000001

        62 - REG[20] <- 00000007
        63 - A(REG[ 0]) -  00000000, B(REG[ 0]) -  00000000

        64 - A(REG[19]) -  000000d4, B(REG[ 0]) -  00000000

        65 - A(REG[19]) -  000000d4, B(REG[14]) -  00000004

        65 - REG[19] <- 000000d0
        66 - A(REG[ 0]) -  00000000, B(REG[ 0]) -  00000000

        67 - A(REG[20]) -  00000007, B(REG[11]) -  00000001

        67 - REG[20] <- 00000008
        68 - A(REG[ 0]) -  00000000, B(REG[ 0]) -  00000000

        69 - A(REG[19]) -  000000d0, B(REG[ 0]) -  00000000

        70 - A(REG[19]) -  000000d0, B(REG[14]) -  00000004

        70 - REG[19] <- 000000cc
        71 - A(REG[ 0]) -  00000000, B(REG[ 0]) -  00000000

        72 - A(REG[20]) -  00000008, B(REG[11]) -  00000001

        72 - REG[20] <- 00000009
        73 - A(REG[ 0]) -  00000000, B(REG[ 0]) -  00000000

        74 - A(REG[19]) -  000000cc, B(REG[ 0]) -  00000000

        75 - A(REG[19]) -  000000cc, B(REG[14]) -  00000004

        75 - REG[19] <- 000000c8
        76 - A(REG[ 0]) -  00000000, B(REG[ 0]) -  00000000

        77 - A(REG[20]) -  00000009, B(REG[11]) -  00000001

        77 - REG[20] <- 0000000a
        78 - A(REG[ 0]) -  00000000, B(REG[ 0]) -  00000000

        79 - A(REG[19]) -  000000c8, B(REG[ 0]) -  00000000

        80 - A(REG[19]) -  000000c8, B(REG[14]) -  00000004

        80 - REG[19] <- 000000c4
        81 - A(REG[ 0]) -  00000000, B(REG[ 0]) -  00000000

        82 - A(REG[20]) -  0000000a, B(REG[11]) -  00000001

        82 - REG[20] <- 0000000b
        83 - A(REG[ 0]) -  00000000, B(REG[ 0]) -  00000000

        84 - A(REG[19]) -  000000c4, B(REG[ 0]) -  00000000

        85 - A(REG[19]) -  000000c4, B(REG[14]) -  00000004

        85 - REG[19] <- 000000c0
        86 - A(REG[ 0]) -  00000000, B(REG[ 0]) -  00000000

        87 - A(REG[20]) -  0000000b, B(REG[11]) -  00000001

        87 - REG[20] <- 0000000c
        88 - A(REG[ 0]) -  00000000, B(REG[ 0]) -  00000000

        89 - A(REG[19]) -  000000c0, B(REG[ 0]) -  00000000

        90 - A(REG[19]) -  000000c0, B(REG[14]) -  00000004

        90 - REG[19] <- 000000bc
        91 - A(REG[ 0]) -  00000000, B(REG[ 0]) -  00000000

        92 - A(REG[20]) -  0000000c, B(REG[11]) -  00000001

        92 - REG[20] <- 0000000d
        93 - A(REG[ 0]) -  00000000, B(REG[ 0]) -  00000000

        94 - A(REG[19]) -  000000bc, B(REG[ 0]) -  00000000

        95 - A(REG[19]) -  000000bc, B(REG[14]) -  00000004

        95 - REG[19] <- 000000b8
        96 - A(REG[ 0]) -  00000000, B(REG[ 0]) -  00000000

        97 - A(REG[20]) -  0000000d, B(REG[11]) -  00000001

        97 - REG[20] <- 0000000e
        98 - A(REG[ 0]) -  00000000, B(REG[ 0]) -  00000000

        99 - A(REG[19]) -  000000b8, B(REG[ 0]) -  00000000

       100 - A(REG[19]) -  000000b8, B(REG[14]) -  00000004

       100 - REG[19] <- 000000b4
