Copyright 1986-2020 Xilinx, Inc. All Rights Reserved.
------------------------------------------------------------------------------------
| Tool Version : Vivado v.2020.1 (lin64) Build 2902540 Wed May 27 19:54:35 MDT 2020
| Date         : Sun Sep 27 10:44:12 2020
| Host         : Gertrude running 64-bit Ubuntu 20.04.1 LTS
| Command      : report_control_sets -verbose -file system_control_sets_placed.rpt
| Design       : system
| Device       : xc7a35t
------------------------------------------------------------------------------------

Control Set Information

Table of Contents
-----------------
1. Summary
2. Histogram
3. Flip-Flop Distribution
4. Detailed Control Set Information

1. Summary
----------

+----------------------------------------------------------+-------+
|                          Status                          | Count |
+----------------------------------------------------------+-------+
| Total control sets                                       |   155 |
|    Minimum number of control sets                        |   155 |
|    Addition due to synthesis replication                 |     0 |
|    Addition due to physical synthesis replication        |     0 |
| Unused register locations in slices containing registers |   154 |
+----------------------------------------------------------+-------+
* Control sets can be merged at opt_design using control_set_merge or merge_equivalent_drivers
** Run report_qor_suggestions for automated merging and remapping suggestions


2. Histogram
------------

+--------------------+-------+
|       Fanout       | Count |
+--------------------+-------+
| Total control sets |   155 |
| >= 0 to < 4        |    19 |
| >= 4 to < 6        |     6 |
| >= 6 to < 8        |     1 |
| >= 8 to < 10       |     0 |
| >= 10 to < 12      |     0 |
| >= 12 to < 14      |     0 |
| >= 14 to < 16      |     0 |
| >= 16              |   129 |
+--------------------+-------+
* Control sets can be remapped at either synth_design or opt_design


3. Flip-Flop Distribution
-------------------------

+--------------+-----------------------+------------------------+-----------------+--------------+
| Clock Enable | Synchronous Set/Reset | Asynchronous Set/Reset | Total Registers | Total Slices |
+--------------+-----------------------+------------------------+-----------------+--------------+
| No           | No                    | No                     |              23 |           20 |
| No           | No                    | Yes                    |               0 |            0 |
| No           | Yes                   | No                     |               7 |            4 |
| Yes          | No                    | No                     |              16 |           16 |
| Yes          | No                    | Yes                    |               0 |            0 |
| Yes          | Yes                   | No                     |               0 |            0 |
+--------------+-----------------------+------------------------+-----------------+--------------+


4. Detailed Control Set Information
-----------------------------------

+--------------------------------------+-------------------------------------------+------------------+------------------+----------------+--------------+
|             Clock Signal             |               Enable Signal               | Set/Reset Signal | Slice Load Count | Bel Load Count | Bels / Slice |
+--------------------------------------+-------------------------------------------+------------------+------------------+----------------+--------------+
|  DATAMEM/genblk1[5].cd/clkOut_reg_0  |                                           |                  |                1 |              1 |         1.00 |
|  DATAMEM/genblk1[9].cd/clkOut_reg_0  |                                           |                  |                1 |              1 |         1.00 |
|  DATAMEM/genblk1[14].cd/clkOut_reg_0 |                                           |                  |                1 |              1 |         1.00 |
|  DATAMEM/genblk1[8].cd/clkOut_reg_0  |                                           |                  |                1 |              1 |         1.00 |
|  DATAMEM/genblk1[0].cd/clkOut        |                                           |                  |                1 |              1 |         1.00 |
|  DATAMEM/genblk1[12].cd/clkOut_reg_0 |                                           |                  |                1 |              1 |         1.00 |
|  DATAMEM/genblk1[7].cd/clkOut_reg_0  |                                           |                  |                1 |              1 |         1.00 |
|  DATAMEM/genblk1[1].cd/clkOut_reg_0  |                                           |                  |                1 |              1 |         1.00 |
|  DATAMEM/genblk1[13].cd/clkOut_reg_0 |                                           |                  |                1 |              1 |         1.00 |
|  DATAMEM/genblk1[3].cd/clkOut_reg_0  |                                           |                  |                1 |              1 |         1.00 |
|  DATAMEM/genblk1[2].cd/clkOut_reg_0  |                                           |                  |                1 |              1 |         1.00 |
|  DATAMEM/genblk1[11].cd/clkOut_reg_0 |                                           |                  |                1 |              1 |         1.00 |
|  DATAMEM/genblk1[10].cd/clkOut_reg_0 |                                           |                  |                1 |              1 |         1.00 |
|  DATAMEM/genblk1[17].cd/clkOut_reg_0 |                                           |                  |                1 |              1 |         1.00 |
|  DATAMEM/genblk1[16].cd/clkOut_reg_0 |                                           |                  |                1 |              1 |         1.00 |
|  DATAMEM/genblk1[15].cd/clkOut_reg_0 |                                           |                  |                1 |              1 |         1.00 |
|  DATAMEM/genblk1[4].cd/clkOut_reg_0  |                                           |                  |                1 |              1 |         1.00 |
|  DATAMEM/genblk1[6].cd/clkOut_reg_0  |                                           |                  |                1 |              1 |         1.00 |
|  clk_IBUF_BUFG                       |                                           |                  |                1 |              1 |         1.00 |
|  clk_IBUF_BUFG                       | CPU/REGFILE/E[0]                          |                  |                4 |              4 |         1.00 |
|  clk_IBUF_BUFG                       | CPU/REGFILE/regs_reg_r1_0_31_12_17_i_10_0 |                  |                4 |              4 |         1.00 |
|  clk_IBUF_BUFG                       | CPU/REGFILE/E[1]                          |                  |                4 |              4 |         1.00 |
|  clk_IBUF_BUFG                       | CPU/REGFILE/E[2]                          |                  |                4 |              4 |         1.00 |
|  clk_IBUF_BUFG                       | CPU/REGFILE/E[3]                          |                  |                4 |              4 |         1.00 |
|  DATAMEM/genblk1[18].cd/CLK          |                                           |                  |                1 |              4 |         4.00 |
|  clk_IBUF_BUFG                       |                                           | btnU_IBUF        |                4 |              7 |         1.75 |
|  clk_IBUF_BUFG                       | CPU/REGFILE/pc_reg[2]_123                 |                  |                4 |             16 |         4.00 |
|  clk_IBUF_BUFG                       | CPU/REGFILE/pc_reg[2]_29                  |                  |                4 |             16 |         4.00 |
|  clk_IBUF_BUFG                       | CPU/REGFILE/pc_reg[2]_28                  |                  |                4 |             16 |         4.00 |
|  clk_IBUF_BUFG                       | CPU/REGFILE/pc_reg[2]_27                  |                  |                4 |             16 |         4.00 |
|  clk_IBUF_BUFG                       | CPU/REGFILE/pc_reg[2]_26                  |                  |                4 |             16 |         4.00 |
|  clk_IBUF_BUFG                       | CPU/REGFILE/pc_reg[2]_25                  |                  |                4 |             16 |         4.00 |
|  clk_IBUF_BUFG                       | CPU/REGFILE/pc_reg[2]_24                  |                  |                4 |             16 |         4.00 |
|  clk_IBUF_BUFG                       | CPU/REGFILE/pc_reg[2]_23                  |                  |                4 |             16 |         4.00 |
|  clk_IBUF_BUFG                       | CPU/REGFILE/pc_reg[2]_22                  |                  |                4 |             16 |         4.00 |
|  clk_IBUF_BUFG                       | CPU/REGFILE/pc_reg[2]_21                  |                  |                4 |             16 |         4.00 |
|  clk_IBUF_BUFG                       | CPU/REGFILE/pc_reg[2]_20                  |                  |                4 |             16 |         4.00 |
|  clk_IBUF_BUFG                       | CPU/REGFILE/pc_reg[2]_2                   |                  |                4 |             16 |         4.00 |
|  clk_IBUF_BUFG                       | CPU/REGFILE/pc_reg[2]_19                  |                  |                4 |             16 |         4.00 |
|  clk_IBUF_BUFG                       | CPU/REGFILE/pc_reg[2]_18                  |                  |                4 |             16 |         4.00 |
|  clk_IBUF_BUFG                       | CPU/REGFILE/pc_reg[2]_13                  |                  |                4 |             16 |         4.00 |
|  clk_IBUF_BUFG                       | CPU/REGFILE/pc_reg[2]_125                 |                  |                4 |             16 |         4.00 |
|  clk_IBUF_BUFG                       | CPU/REGFILE/pc_reg[2]_1                   |                  |                4 |             16 |         4.00 |
|  clk_IBUF_BUFG                       | CPU/REGFILE/pc_reg[2]_122                 |                  |                4 |             16 |         4.00 |
|  clk_IBUF_BUFG                       | CPU/REGFILE/pc_reg[2]_121                 |                  |                4 |             16 |         4.00 |
|  clk_IBUF_BUFG                       | CPU/REGFILE/pc_reg[2]_9                   |                  |                4 |             16 |         4.00 |
|  clk_IBUF_BUFG                       | CPU/REGFILE/pc_reg[2]_89                  |                  |                4 |             16 |         4.00 |
|  clk_IBUF_BUFG                       | CPU/REGFILE/pc_reg[2]_91                  |                  |                4 |             16 |         4.00 |
|  clk_IBUF_BUFG                       | CPU/REGFILE/pc_reg[2]                     |                  |                4 |             16 |         4.00 |
|  clk_IBUF_BUFG                       | CPU/REGFILE/pc_reg[2]_120                 |                  |                4 |             16 |         4.00 |
|  clk_IBUF_BUFG                       | CPU/REGFILE/pc_reg[2]_12                  |                  |                4 |             16 |         4.00 |
|  clk_IBUF_BUFG                       | CPU/REGFILE/pc_reg[2]_119                 |                  |                4 |             16 |         4.00 |
|  clk_IBUF_BUFG                       | CPU/REGFILE/pc_reg[2]_0                   |                  |                4 |             16 |         4.00 |
|  clk_IBUF_BUFG                       | CPU/REGFILE/pc_reg[2]_118                 |                  |                4 |             16 |         4.00 |
|  clk_IBUF_BUFG                       | CPU/REGFILE/pc_reg[2]_103                 |                  |                4 |             16 |         4.00 |
|  clk_IBUF_BUFG                       | CPU/REGFILE/pc_reg[2]_10                  |                  |                4 |             16 |         4.00 |
|  clk_IBUF_BUFG                       | CPU/REGFILE/pc_reg[2]_96                  |                  |                4 |             16 |         4.00 |
|  clk_IBUF_BUFG                       | CPU/REGFILE/pc_reg[2]_100                 |                  |                4 |             16 |         4.00 |
|  clk_IBUF_BUFG                       | CPU/REGFILE/pc_reg[2]_101                 |                  |                4 |             16 |         4.00 |
|  clk_IBUF_BUFG                       | CPU/REGFILE/pc_reg[2]_102                 |                  |                4 |             16 |         4.00 |
|  clk_IBUF_BUFG                       | CPU/REGFILE/pc_reg[2]_104                 |                  |                4 |             16 |         4.00 |
|  clk_IBUF_BUFG                       | CPU/REGFILE/pc_reg[2]_105                 |                  |                4 |             16 |         4.00 |
|  clk_IBUF_BUFG                       | CPU/REGFILE/pc_reg[2]_106                 |                  |                4 |             16 |         4.00 |
|  clk_IBUF_BUFG                       | CPU/REGFILE/pc_reg[2]_107                 |                  |                4 |             16 |         4.00 |
|  clk_IBUF_BUFG                       | CPU/REGFILE/pc_reg[2]_108                 |                  |                4 |             16 |         4.00 |
|  clk_IBUF_BUFG                       | CPU/REGFILE/pc_reg[2]_109                 |                  |                4 |             16 |         4.00 |
|  clk_IBUF_BUFG                       | CPU/REGFILE/pc_reg[2]_11                  |                  |                4 |             16 |         4.00 |
|  clk_IBUF_BUFG                       | CPU/REGFILE/pc_reg[2]_111                 |                  |                4 |             16 |         4.00 |
|  clk_IBUF_BUFG                       | CPU/REGFILE/pc_reg[2]_99                  |                  |                4 |             16 |         4.00 |
|  clk_IBUF_BUFG                       | CPU/REGFILE/pc_reg[2]_98                  |                  |                4 |             16 |         4.00 |
|  clk_IBUF_BUFG                       | CPU/REGFILE/pc_reg[2]_97                  |                  |                4 |             16 |         4.00 |
|  clk_IBUF_BUFG                       | CPU/REGFILE/pc_reg[2]_50                  |                  |                4 |             16 |         4.00 |
|  clk_IBUF_BUFG                       | CPU/REGFILE/pc_reg[2]_95                  |                  |                4 |             16 |         4.00 |
|  clk_IBUF_BUFG                       | CPU/REGFILE/pc_reg[2]_94                  |                  |                4 |             16 |         4.00 |
|  clk_IBUF_BUFG                       | CPU/REGFILE/pc_reg[2]_93                  |                  |                4 |             16 |         4.00 |
|  clk_IBUF_BUFG                       | CPU/REGFILE/pc_reg[2]_92                  |                  |                4 |             16 |         4.00 |
|  clk_IBUF_BUFG                       | CPU/REGFILE/pc_reg[2]_86                  |                  |                4 |             16 |         4.00 |
|  clk_IBUF_BUFG                       | CPU/REGFILE/pc_reg[2]_67                  |                  |                4 |             16 |         4.00 |
|  clk_IBUF_BUFG                       | CPU/REGFILE/pc_reg[2]_66                  |                  |                4 |             16 |         4.00 |
|  clk_IBUF_BUFG                       | CPU/REGFILE/pc_reg[2]_61                  |                  |                4 |             16 |         4.00 |
|  clk_IBUF_BUFG                       | CPU/REGFILE/pc_reg[2]_60                  |                  |                4 |             16 |         4.00 |
|  clk_IBUF_BUFG                       | CPU/REGFILE/pc_reg[2]_6                   |                  |                4 |             16 |         4.00 |
|  clk_IBUF_BUFG                       | CPU/REGFILE/pc_reg[2]_57                  |                  |                4 |             16 |         4.00 |
|  clk_IBUF_BUFG                       | CPU/REGFILE/pc_reg[2]_56                  |                  |                4 |             16 |         4.00 |
|  clk_IBUF_BUFG                       | CPU/REGFILE/pc_reg[2]_55                  |                  |                4 |             16 |         4.00 |
|  clk_IBUF_BUFG                       | CPU/REGFILE/pc_reg[2]_59                  |                  |                4 |             16 |         4.00 |
|  clk_IBUF_BUFG                       | CPU/REGFILE/pc_reg[2]_44                  |                  |                4 |             16 |         4.00 |
|  clk_IBUF_BUFG                       | CPU/REGFILE/pc_reg[2]_45                  |                  |                4 |             16 |         4.00 |
|  clk_IBUF_BUFG                       | CPU/REGFILE/pc_reg[2]_46                  |                  |                4 |             16 |         4.00 |
|  clk_IBUF_BUFG                       | CPU/REGFILE/pc_reg[2]_47                  |                  |                4 |             16 |         4.00 |
|  clk_IBUF_BUFG                       | CPU/REGFILE/pc_reg[2]_48                  |                  |                4 |             16 |         4.00 |
|  clk_IBUF_BUFG                       | CPU/REGFILE/pc_reg[2]_49                  |                  |                4 |             16 |         4.00 |
|  clk_IBUF_BUFG                       | CPU/REGFILE/pc_reg[2]_5                   |                  |                4 |             16 |         4.00 |
|  clk_IBUF_BUFG                       | CPU/REGFILE/pc_reg[2]_58                  |                  |                4 |             16 |         4.00 |
|  clk_IBUF_BUFG                       | CPU/REGFILE/pc_reg[2]_43                  |                  |                4 |             16 |         4.00 |
|  clk_IBUF_BUFG                       | CPU/REGFILE/pc_reg[2]_68                  |                  |                4 |             16 |         4.00 |
|  clk_IBUF_BUFG                       | CPU/REGFILE/pc_reg[2]_69                  |                  |                4 |             16 |         4.00 |
|  clk_IBUF_BUFG                       | CPU/REGFILE/pc_reg[2]_7                   |                  |                4 |             16 |         4.00 |
|  clk_IBUF_BUFG                       | CPU/REGFILE/pc_reg[2]_75                  |                  |                4 |             16 |         4.00 |
|  clk_IBUF_BUFG                       | CPU/REGFILE/pc_reg[2]_76                  |                  |                4 |             16 |         4.00 |
|  clk_IBUF_BUFG                       | CPU/REGFILE/pc_reg[2]_77                  |                  |                4 |             16 |         4.00 |
|  clk_IBUF_BUFG                       | CPU/REGFILE/pc_reg[2]_78                  |                  |                4 |             16 |         4.00 |
|  clk_IBUF_BUFG                       | CPU/REGFILE/pc_reg[2]_112                 |                  |                4 |             16 |         4.00 |
|  clk_IBUF_BUFG                       | CPU/REGFILE/pc_reg[2]_36                  |                  |                4 |             16 |         4.00 |
|  clk_IBUF_BUFG                       | CPU/REGFILE/pc_reg[2]_113                 |                  |                4 |             16 |         4.00 |
|  clk_IBUF_BUFG                       | CPU/REGFILE/pc_reg[2]_124                 |                  |                4 |             16 |         4.00 |
|  clk_IBUF_BUFG                       | CPU/REGFILE/pc_reg[2]_126                 |                  |                4 |             16 |         4.00 |
|  clk_IBUF_BUFG                       | CPU/REGFILE/pc_reg[2]_31                  |                  |                4 |             16 |         4.00 |
|  clk_IBUF_BUFG                       | CPU/REGFILE/pc_reg[2]_32                  |                  |                4 |             16 |         4.00 |
|  clk_IBUF_BUFG                       | CPU/REGFILE/pc_reg[2]_33                  |                  |                4 |             16 |         4.00 |
|  clk_IBUF_BUFG                       | CPU/REGFILE/pc_reg[2]_34                  |                  |                4 |             16 |         4.00 |
|  clk_IBUF_BUFG                       | CPU/REGFILE/pc_reg[2]_35                  |                  |                4 |             16 |         4.00 |
|  clk_IBUF_BUFG                       | CPU/REGFILE/pc_reg[2]_79                  |                  |                4 |             16 |         4.00 |
|  clk_IBUF_BUFG                       | CPU/REGFILE/pc_reg[2]_37                  |                  |                4 |             16 |         4.00 |
|  clk_IBUF_BUFG                       | CPU/REGFILE/pc_reg[2]_38                  |                  |                4 |             16 |         4.00 |
|  clk_IBUF_BUFG                       | CPU/REGFILE/pc_reg[2]_39                  |                  |                4 |             16 |         4.00 |
|  clk_IBUF_BUFG                       | CPU/REGFILE/pc_reg[2]_4                   |                  |                4 |             16 |         4.00 |
|  clk_IBUF_BUFG                       | CPU/REGFILE/pc_reg[2]_40                  |                  |                4 |             16 |         4.00 |
|  clk_IBUF_BUFG                       | CPU/REGFILE/pc_reg[2]_41                  |                  |                4 |             16 |         4.00 |
|  clk_IBUF_BUFG                       | CPU/REGFILE/pc_reg[2]_42                  |                  |                4 |             16 |         4.00 |
|  clk_IBUF_BUFG                       | CPU/REGFILE/pc_reg[2]_63                  |                  |                4 |             16 |         4.00 |
|  clk_IBUF_BUFG                       | CPU/REGFILE/pc_reg[2]_17                  |                  |                4 |             16 |         4.00 |
|  clk_IBUF_BUFG                       | CPU/REGFILE/pc_reg[2]_3                   |                  |                4 |             16 |         4.00 |
|  clk_IBUF_BUFG                       | CPU/REGFILE/pc_reg[2]_30                  |                  |                4 |             16 |         4.00 |
|  clk_IBUF_BUFG                       | CPU/REGFILE/pc_reg[2]_51                  |                  |                4 |             16 |         4.00 |
|  clk_IBUF_BUFG                       | CPU/REGFILE/pc_reg[2]_52                  |                  |                4 |             16 |         4.00 |
|  clk_IBUF_BUFG                       | CPU/REGFILE/pc_reg[2]_53                  |                  |                4 |             16 |         4.00 |
|  clk_IBUF_BUFG                       | CPU/REGFILE/pc_reg[2]_54                  |                  |                4 |             16 |         4.00 |
|  clk_IBUF_BUFG                       | CPU/REGFILE/pc_reg[2]_62                  |                  |                4 |             16 |         4.00 |
|  clk_IBUF_BUFG                       | CPU/REGFILE/pc_reg[2]_16                  |                  |                4 |             16 |         4.00 |
|  clk_IBUF_BUFG                       | CPU/REGFILE/pc_reg[2]_64                  |                  |                4 |             16 |         4.00 |
|  clk_IBUF_BUFG                       | CPU/REGFILE/pc_reg[2]_65                  |                  |                4 |             16 |         4.00 |
|  clk_IBUF_BUFG                       | CPU/REGFILE/pc_reg[2]_70                  |                  |                4 |             16 |         4.00 |
|  clk_IBUF_BUFG                       | CPU/REGFILE/pc_reg[2]_71                  |                  |                4 |             16 |         4.00 |
|  clk_IBUF_BUFG                       | CPU/REGFILE/pc_reg[2]_72                  |                  |                4 |             16 |         4.00 |
|  clk_IBUF_BUFG                       | CPU/REGFILE/pc_reg[2]_73                  |                  |                4 |             16 |         4.00 |
|  clk_IBUF_BUFG                       | CPU/REGFILE/pc_reg[2]_74                  |                  |                4 |             16 |         4.00 |
|  clk_IBUF_BUFG                       | CPU/REGFILE/pc_reg[2]_90                  |                  |                4 |             16 |         4.00 |
|  clk_IBUF_BUFG                       | CPU/REGFILE/pc_reg[2]_80                  |                  |                4 |             16 |         4.00 |
|  clk_IBUF_BUFG                       | CPU/REGFILE/pc_reg[2]_81                  |                  |                4 |             16 |         4.00 |
|  clk_IBUF_BUFG                       | CPU/REGFILE/pc_reg[2]_82                  |                  |                4 |             16 |         4.00 |
|  clk_IBUF_BUFG                       | CPU/REGFILE/pc_reg[2]_83                  |                  |                4 |             16 |         4.00 |
|  clk_IBUF_BUFG                       | CPU/REGFILE/pc_reg[2]_84                  |                  |                4 |             16 |         4.00 |
|  clk_IBUF_BUFG                       | CPU/REGFILE/pc_reg[2]_85                  |                  |                4 |             16 |         4.00 |
|  clk_IBUF_BUFG                       | CPU/REGFILE/pc_reg[2]_87                  |                  |                4 |             16 |         4.00 |
|  clk_IBUF_BUFG                       | CPU/REGFILE/pc_reg[2]_88                  |                  |                4 |             16 |         4.00 |
|  clk_IBUF_BUFG                       | CPU/REGFILE/pc_reg[2]_8                   |                  |                4 |             16 |         4.00 |
|  clk_IBUF_BUFG                       | CPU/REGFILE/pc_reg[2]_110                 |                  |                4 |             16 |         4.00 |
|  clk_IBUF_BUFG                       | CPU/REGFILE/pc_reg[2]_114                 |                  |                4 |             16 |         4.00 |
|  clk_IBUF_BUFG                       | CPU/REGFILE/pc_reg[2]_115                 |                  |                4 |             16 |         4.00 |
|  clk_IBUF_BUFG                       | CPU/REGFILE/pc_reg[2]_116                 |                  |                4 |             16 |         4.00 |
|  clk_IBUF_BUFG                       | CPU/REGFILE/pc_reg[2]_117                 |                  |                4 |             16 |         4.00 |
|  clk_IBUF_BUFG                       | CPU/REGFILE/pc_reg[2]_14                  |                  |                4 |             16 |         4.00 |
|  clk_IBUF_BUFG                       | CPU/REGFILE/pc_reg[2]_15                  |                  |                4 |             16 |         4.00 |
|  clk_IBUF_BUFG                       | CPU/REGFILE/reg_wr                        |                  |               12 |             96 |         8.00 |
+--------------------------------------+-------------------------------------------+------------------+------------------+----------------+--------------+


